16:57:18 **** Incremental Build of configuration Debug for project ls_e2 ****
make all 
Building file: ../src/fraction-test.cpp
Invoking: Cross G++ Compiler
g++ -O0 -g3 -Wall -c -fmessage-length=0 -MMD -MP -MF"src/fraction-test.d" -MT"src/fraction-test.d" -o "src/fraction-test.o" "../src/fraction-test.cpp"
../src/fraction-test.cpp:10:7: error: ‘fractions’ has not been declared
make: *** [src/fraction-test.o] Error 1

16:57:19 Build Finished (took 557ms)

